
Showing logs for build [32mmellard-org-goquick-pr-1-pr-bui-n9rts-13[0m stage [32mbuild[0m and container [32mcredential-initializer[0m
{"level":"info","ts":1602293893.2257154,"caller":"creds-init/main.go:44","msg":"Credentials initialized."}

Showing logs for build [32mmellard-org-goquick-pr-1-pr-bui-n9rts-13[0m stage [32mbuild[0m and container [32mworking-dir-initializer[0m

Showing logs for build [32mmellard-org-goquick-pr-1-pr-bui-n9rts-13[0m stage [32mbuild[0m and container [32mplace-tools[0m

Showing logs for build [32mmellard-org-goquick-pr-1-pr-bui-n9rts-13[0m stage [32mbuild[0m and container [32mstep-git-source-mellard-org-goquick-pr-1-pr-bui-n9rts-vwdmr[0m
{"level":"info","ts":1602293909.443714,"caller":"git/git.go:105","msg":"Successfully cloned https://github.com/mellard-org/goquick.git @ master in path /workspace/source"}
{"level":"warn","ts":1602293909.4437742,"caller":"git/git.go:152","msg":"Unexpected error: creating symlink: symlink /tekton/home/.ssh /root/.ssh: file exists"}
{"level":"info","ts":1602293909.4869661,"caller":"git/git.go:133","msg":"Successfully initialized and updated submodules in path /workspace/source"}

Showing logs for build [32mmellard-org-goquick-pr-1-pr-bui-n9rts-13[0m stage [32mbuild[0m and container [32mstep-setup-builder-home[0m

Showing logs for build [32mmellard-org-goquick-pr-1-pr-bui-n9rts-13[0m stage [32mbuild[0m and container [32mstep-git-merge[0m
Using SHAs from PULL_REFS=master:05ced96a1ea4a807b6bf4339b070f1134bd1c281,1:fc9ae736e3d284fe5ce50be2a19fa9452950e67a
DEBUG: LC_ALL=C JX_LOG_LEVEL=error git fetch origin --unshallow fc9ae736e3d284fe5ce50be2a19fa9452950e67a: 05ced96a1ea4a807b6bf4339b070f1134bd1c281:
DEBUG: ran git fetch --unshallow origin fc9ae736e3d284fe5ce50be2a19fa9452950e67a: 05ced96a1ea4a807b6bf4339b070f1134bd1c281: in 
DEBUG: LC_ALL=C JX_LOG_LEVEL=error git branch
DEBUG: LC_ALL=C JX_LOG_LEVEL=error git checkout master
DEBUG: ran git checkout master in 
DEBUG: JX_LOG_LEVEL=error LC_ALL=C git reset --hard 05ced96a1ea4a807b6bf4339b070f1134bd1c281
DEBUG: ran git reset --hard 05ced96a1ea4a807b6bf4339b070f1134bd1c281 in 
DEBUG: LC_ALL=C JX_LOG_LEVEL=error git clean -fd .
DEBUG: ran clean --force -d . in 
DEBUG: LC_ALL=C JX_LOG_LEVEL=error git merge fc9ae736e3d284fe5ce50be2a19fa9452950e67a
DEBUG: ran git merge fc9ae736e3d284fe5ce50be2a19fa9452950e67a in 
DEBUG: LC_ALL=C JX_LOG_LEVEL=error git log --format=%H%x1f%an%x1f%ae%x1f%cn%x1f%ce%x1f%s%n%b%x1e 05ced96a1ea4a807b6bf4339b070f1134bd1c281..HEAD
Merged SHA fc9ae736e3d284fe5ce50be2a19fa9452950e67a with commit message 'test' into base branch master
Merged SHA 01f9d9e4a74f09ff80699ebed5f15733c67fa7ef with commit message 'test' into base branch master
Merged SHA cd66e38468d2211fc06b4c104662d9e94f12d581 with commit message 'test' into base branch master
Merged SHA ee5aa50e7235ca92c6847d296737c00d972595de with commit message 'test' into base branch master
Merged SHA 28c5c4fd5fcd70cc819ee68a612f335356ab4cb1 with commit message 'test' into base branch master
Merged SHA 15161e6235a8611d8492dd08cedcfe22e3e4fb35 with commit message 'test' into base branch master
Merged SHA 3c84465a31b00d3960cc2526cd0cf49c44e9d3ee with commit message 'test' into base branch master
Merged SHA cc806829a614e70d1599efcbd1918da66ba4ed12 with commit message 'test' into base branch master
Merged SHA 62de4cf1717587ff6661349c25a2dd5106c5fa33 with commit message 'test' into base branch master
Merged SHA f9acb72a3b27297551a8db336b7343bc422029d6 with commit message 'test' into base branch master

Showing logs for build [32mmellard-org-goquick-pr-1-pr-bui-n9rts-13[0m stage [32mbuild[0m and container [32mstep-build-and-push-image[0m
2020/10/10 01:38:33 Error executing command: fork/exec /bin/sh: no such file or directory
[31m
Pipeline failed on stage 'build' : container 'step-build-and-push-image'. The execution of the pipeline has stopped.[0m
