
Showing logs for build [32mmeta-mellard-org-goquick-pr-1-p-gkdwh-2[0m stage [32mmeta-pipeline[0m and container [32mcredential-initializer[0m
{"level":"info","ts":1602242211.191407,"caller":"creds-init/main.go:44","msg":"Credentials initialized."}

Showing logs for build [32mmeta-mellard-org-goquick-pr-1-p-gkdwh-2[0m stage [32mmeta-pipeline[0m and container [32mworking-dir-initializer[0m

Showing logs for build [32mmeta-mellard-org-goquick-pr-1-p-gkdwh-2[0m stage [32mmeta-pipeline[0m and container [32mplace-tools[0m

Showing logs for build [32mmeta-mellard-org-goquick-pr-1-p-gkdwh-2[0m stage [32mmeta-pipeline[0m and container [32mstep-git-source-meta-mellard-org-goquick-pr-1-p-gkdwh-qgvpf[0m
{"level":"info","ts":1602242227.8789055,"caller":"git/git.go:105","msg":"Successfully cloned https://github.com/mellard-org/goquick.git @ 05ced96a1ea4a807b6bf4339b070f1134bd1c281 in path /workspace/source"}
{"level":"warn","ts":1602242227.8799732,"caller":"git/git.go:152","msg":"Unexpected error: creating symlink: symlink /tekton/home/.ssh /root/.ssh: file exists"}
{"level":"info","ts":1602242227.9393744,"caller":"git/git.go:133","msg":"Successfully initialized and updated submodules in path /workspace/source"}

Showing logs for build [32mmeta-mellard-org-goquick-pr-1-p-gkdwh-2[0m stage [32mmeta-pipeline[0m and container [32mstep-setup-builder-home[0m

Showing logs for build [32mmeta-mellard-org-goquick-pr-1-p-gkdwh-2[0m stage [32mmeta-pipeline[0m and container [32mstep-git-merge[0m
Using SHAs from PULL_REFS=master:05ced96a1ea4a807b6bf4339b070f1134bd1c281,1:62de4cf1717587ff6661349c25a2dd5106c5fa33
DEBUG: LC_ALL=C JX_LOG_LEVEL=error git fetch origin --unshallow 62de4cf1717587ff6661349c25a2dd5106c5fa33: 05ced96a1ea4a807b6bf4339b070f1134bd1c281:
DEBUG: ran git fetch --unshallow origin 62de4cf1717587ff6661349c25a2dd5106c5fa33: 05ced96a1ea4a807b6bf4339b070f1134bd1c281: in 
DEBUG: LC_ALL=C JX_LOG_LEVEL=error git branch
DEBUG: LC_ALL=C JX_LOG_LEVEL=error git checkout master
DEBUG: ran git checkout master in 
DEBUG: JX_LOG_LEVEL=error LC_ALL=C git reset --hard 05ced96a1ea4a807b6bf4339b070f1134bd1c281
DEBUG: ran git reset --hard 05ced96a1ea4a807b6bf4339b070f1134bd1c281 in 
DEBUG: LC_ALL=C JX_LOG_LEVEL=error git clean -fd .
DEBUG: ran clean --force -d . in 
DEBUG: LC_ALL=C JX_LOG_LEVEL=error git merge 62de4cf1717587ff6661349c25a2dd5106c5fa33
DEBUG: ran git merge 62de4cf1717587ff6661349c25a2dd5106c5fa33 in 
DEBUG: LC_ALL=C JX_LOG_LEVEL=error git log --format=%H%x1f%an%x1f%ae%x1f%cn%x1f%ce%x1f%s%n%b%x1e 05ced96a1ea4a807b6bf4339b070f1134bd1c281..HEAD
Merged SHA 62de4cf1717587ff6661349c25a2dd5106c5fa33 with commit message 'test' into base branch master
Merged SHA f9acb72a3b27297551a8db336b7343bc422029d6 with commit message 'test' into base branch master

Showing logs for build [32mmeta-mellard-org-goquick-pr-1-p-gkdwh-2[0m stage [32mmeta-pipeline[0m and container [32mstep-merge-pull-refs[0m
DEBUG: LC_ALL=C JX_LOG_LEVEL=error git fetch origin --unshallow 62de4cf1717587ff6661349c25a2dd5106c5fa33: 05ced96a1ea4a807b6bf4339b070f1134bd1c281:
DEBUG: LC_ALL=C JX_LOG_LEVEL=error git fetch origin 62de4cf1717587ff6661349c25a2dd5106c5fa33: 05ced96a1ea4a807b6bf4339b070f1134bd1c281:
DEBUG: ran git fetch origin 62de4cf1717587ff6661349c25a2dd5106c5fa33: 05ced96a1ea4a807b6bf4339b070f1134bd1c281: in 
DEBUG: LC_ALL=C JX_LOG_LEVEL=error git rev-parse --is-shallow-repository
DEBUG: Unshallowed git repo in 
DEBUG: LC_ALL=C JX_LOG_LEVEL=error git branch
DEBUG: LC_ALL=C JX_LOG_LEVEL=error git checkout master
DEBUG: ran git checkout master in 
DEBUG: LC_ALL=C JX_LOG_LEVEL=error git reset --hard 05ced96a1ea4a807b6bf4339b070f1134bd1c281
DEBUG: ran git reset --hard 05ced96a1ea4a807b6bf4339b070f1134bd1c281 in 
DEBUG: LC_ALL=C JX_LOG_LEVEL=error git clean -fd .
DEBUG: ran clean --force -d . in 
DEBUG: LC_ALL=C JX_LOG_LEVEL=error git merge 62de4cf1717587ff6661349c25a2dd5106c5fa33
DEBUG: ran git merge 62de4cf1717587ff6661349c25a2dd5106c5fa33 in 
DEBUG: LC_ALL=C JX_LOG_LEVEL=error git log --format=%H%x1f%an%x1f%ae%x1f%cn%x1f%ce%x1f%s%n%b%x1e 05ced96a1ea4a807b6bf4339b070f1134bd1c281..HEAD
Merged SHA 62de4cf1717587ff6661349c25a2dd5106c5fa33 with commit message 'test' into base branch master
Merged SHA f9acb72a3b27297551a8db336b7343bc422029d6 with commit message 'test' into base branch master

Showing logs for build [32mmeta-mellard-org-goquick-pr-1-p-gkdwh-2[0m stage [32mmeta-pipeline[0m and container [32mstep-create-effective-pipeline[0m
Cloning the Jenkins X versions repo https://github.com/jenkins-x/**r-versions.git with ref refs/heads/master to /tekton/home/.**/jenkins-x-versions
error: failed to create effective pipeline for pull request: validation failed for Pipeline: expected exactly one, got neither: stages[0].steps[0].command, stages[0].steps[0].loop, stages[0].steps[0].step
[31m
Pipeline failed on stage 'meta-pipeline' : container 'step-create-effective-pipeline'. The execution of the pipeline has stopped.[0m
