
Showing logs for build [32mmeta-mellard-org-goquick-pr-1-p-zgr28-20[0m stage [32mmeta-pipeline[0m and container [32mcredential-initializer[0m
{"level":"info","ts":1602301733.8112197,"caller":"creds-init/main.go:44","msg":"Credentials initialized."}

Showing logs for build [32mmeta-mellard-org-goquick-pr-1-p-zgr28-20[0m stage [32mmeta-pipeline[0m and container [32mworking-dir-initializer[0m

Showing logs for build [32mmeta-mellard-org-goquick-pr-1-p-zgr28-20[0m stage [32mmeta-pipeline[0m and container [32mplace-tools[0m

Showing logs for build [32mmeta-mellard-org-goquick-pr-1-p-zgr28-20[0m stage [32mmeta-pipeline[0m and container [32mstep-git-source-meta-mellard-org-goquick-pr-1-p-zgr28-wqp8r[0m
{"level":"info","ts":1602301749.2560604,"caller":"git/git.go:105","msg":"Successfully cloned https://github.com/mellard-org/goquick.git @ 05ced96a1ea4a807b6bf4339b070f1134bd1c281 in path /workspace/source"}
{"level":"warn","ts":1602301749.2561321,"caller":"git/git.go:152","msg":"Unexpected error: creating symlink: symlink /tekton/home/.ssh /root/.ssh: file exists"}
{"level":"info","ts":1602301749.2925253,"caller":"git/git.go:133","msg":"Successfully initialized and updated submodules in path /workspace/source"}

Showing logs for build [32mmeta-mellard-org-goquick-pr-1-p-zgr28-20[0m stage [32mmeta-pipeline[0m and container [32mstep-setup-builder-home[0m

Showing logs for build [32mmeta-mellard-org-goquick-pr-1-p-zgr28-20[0m stage [32mmeta-pipeline[0m and container [32mstep-git-merge[0m
Using SHAs from PULL_REFS=master:05ced96a1ea4a807b6bf4339b070f1134bd1c281,1:57417ccb3f1817efaceb556505c66844c3357744
DEBUG: LC_ALL=C JX_LOG_LEVEL=error git fetch origin --unshallow 57417ccb3f1817efaceb556505c66844c3357744: 05ced96a1ea4a807b6bf4339b070f1134bd1c281:
DEBUG: ran git fetch --unshallow origin 57417ccb3f1817efaceb556505c66844c3357744: 05ced96a1ea4a807b6bf4339b070f1134bd1c281: in 
DEBUG: LC_ALL=C JX_LOG_LEVEL=error git branch
DEBUG: LC_ALL=C JX_LOG_LEVEL=error git checkout master
DEBUG: ran git checkout master in 
DEBUG: LC_ALL=C JX_LOG_LEVEL=error git reset --hard 05ced96a1ea4a807b6bf4339b070f1134bd1c281
DEBUG: ran git reset --hard 05ced96a1ea4a807b6bf4339b070f1134bd1c281 in 
DEBUG: LC_ALL=C JX_LOG_LEVEL=error git clean -fd .
DEBUG: ran clean --force -d . in 
DEBUG: LC_ALL=C JX_LOG_LEVEL=error git merge 57417ccb3f1817efaceb556505c66844c3357744
DEBUG: ran git merge 57417ccb3f1817efaceb556505c66844c3357744 in 
DEBUG: LC_ALL=C JX_LOG_LEVEL=error git log --format=%H%x1f%an%x1f%ae%x1f%cn%x1f%ce%x1f%s%n%b%x1e 05ced96a1ea4a807b6bf4339b070f1134bd1c281..HEAD
Merged SHA 57417ccb3f1817efaceb556505c66844c3357744 with commit message 'test' into base branch master
Merged SHA afa6813e3503f3622465a2b9a117012f557a20eb with commit message 'test' into base branch master
Merged SHA bbea3e2e473235b8e476a7f433eb2707b957c797 with commit message 'test' into base branch master
Merged SHA 8f51bc4f3b8d5658c77bd2993f569c64dab75928 with commit message 'test' into base branch master
Merged SHA a6e88206f1257ef6ab0f9dbd0911416c901ed5b7 with commit message 'test' into base branch master
Merged SHA fc9ae736e3d284fe5ce50be2a19fa9452950e67a with commit message 'test' into base branch master
Merged SHA 01f9d9e4a74f09ff80699ebed5f15733c67fa7ef with commit message 'test' into base branch master
Merged SHA cd66e38468d2211fc06b4c104662d9e94f12d581 with commit message 'test' into base branch master
Merged SHA ee5aa50e7235ca92c6847d296737c00d972595de with commit message 'test' into base branch master
Merged SHA 28c5c4fd5fcd70cc819ee68a612f335356ab4cb1 with commit message 'test' into base branch master
Merged SHA 15161e6235a8611d8492dd08cedcfe22e3e4fb35 with commit message 'test' into base branch master
Merged SHA 3c84465a31b00d3960cc2526cd0cf49c44e9d3ee with commit message 'test' into base branch master
Merged SHA cc806829a614e70d1599efcbd1918da66ba4ed12 with commit message 'test' into base branch master
Merged SHA 62de4cf1717587ff6661349c25a2dd5106c5fa33 with commit message 'test' into base branch master
Merged SHA f9acb72a3b27297551a8db336b7343bc422029d6 with commit message 'test' into base branch master

Showing logs for build [32mmeta-mellard-org-goquick-pr-1-p-zgr28-20[0m stage [32mmeta-pipeline[0m and container [32mstep-merge-pull-refs[0m
DEBUG: LC_ALL=C JX_LOG_LEVEL=error git fetch origin --unshallow 57417ccb3f1817efaceb556505c66844c3357744: 05ced96a1ea4a807b6bf4339b070f1134bd1c281:
DEBUG: JX_LOG_LEVEL=error LC_ALL=C git fetch origin 57417ccb3f1817efaceb556505c66844c3357744: 05ced96a1ea4a807b6bf4339b070f1134bd1c281:
DEBUG: ran git fetch origin 57417ccb3f1817efaceb556505c66844c3357744: 05ced96a1ea4a807b6bf4339b070f1134bd1c281: in 
DEBUG: JX_LOG_LEVEL=error LC_ALL=C git rev-parse --is-shallow-repository
DEBUG: Unshallowed git repo in 
DEBUG: LC_ALL=C JX_LOG_LEVEL=error git branch
DEBUG: LC_ALL=C JX_LOG_LEVEL=error git checkout master
DEBUG: ran git checkout master in 
DEBUG: LC_ALL=C JX_LOG_LEVEL=error git reset --hard 05ced96a1ea4a807b6bf4339b070f1134bd1c281
DEBUG: ran git reset --hard 05ced96a1ea4a807b6bf4339b070f1134bd1c281 in 
DEBUG: JX_LOG_LEVEL=error LC_ALL=C git clean -fd .
DEBUG: ran clean --force -d . in 
DEBUG: LC_ALL=C JX_LOG_LEVEL=error git merge 57417ccb3f1817efaceb556505c66844c3357744
DEBUG: ran git merge 57417ccb3f1817efaceb556505c66844c3357744 in 
DEBUG: LC_ALL=C JX_LOG_LEVEL=error git log --format=%H%x1f%an%x1f%ae%x1f%cn%x1f%ce%x1f%s%n%b%x1e 05ced96a1ea4a807b6bf4339b070f1134bd1c281..HEAD
Merged SHA 57417ccb3f1817efaceb556505c66844c3357744 with commit message 'test' into base branch master
Merged SHA afa6813e3503f3622465a2b9a117012f557a20eb with commit message 'test' into base branch master
Merged SHA bbea3e2e473235b8e476a7f433eb2707b957c797 with commit message 'test' into base branch master
Merged SHA 8f51bc4f3b8d5658c77bd2993f569c64dab75928 with commit message 'test' into base branch master
Merged SHA a6e88206f1257ef6ab0f9dbd0911416c901ed5b7 with commit message 'test' into base branch master
Merged SHA fc9ae736e3d284fe5ce50be2a19fa9452950e67a with commit message 'test' into base branch master
Merged SHA 01f9d9e4a74f09ff80699ebed5f15733c67fa7ef with commit message 'test' into base branch master
Merged SHA cd66e38468d2211fc06b4c104662d9e94f12d581 with commit message 'test' into base branch master
Merged SHA ee5aa50e7235ca92c6847d296737c00d972595de with commit message 'test' into base branch master
Merged SHA 28c5c4fd5fcd70cc819ee68a612f335356ab4cb1 with commit message 'test' into base branch master
Merged SHA 15161e6235a8611d8492dd08cedcfe22e3e4fb35 with commit message 'test' into base branch master
Merged SHA 3c84465a31b00d3960cc2526cd0cf49c44e9d3ee with commit message 'test' into base branch master
Merged SHA cc806829a614e70d1599efcbd1918da66ba4ed12 with commit message 'test' into base branch master
Merged SHA 62de4cf1717587ff6661349c25a2dd5106c5fa33 with commit message 'test' into base branch master
Merged SHA f9acb72a3b27297551a8db336b7343bc422029d6 with commit message 'test' into base branch master

Showing logs for build [32mmeta-mellard-org-goquick-pr-1-p-zgr28-20[0m stage [32mmeta-pipeline[0m and container [32mstep-create-effective-pipeline[0m
Cloning the Jenkins X versions repo https://github.com/jenkins-x/**r-versions.git with ref refs/heads/master to /tekton/home/.**/jenkins-x-versions
error: failed to load project config in dir /workspace/source: Validation failures in YAML file /workspace/source/jenkins-x.yml:
pipelineConfig.pipelines.pullRequest.pipeline.stages.0.steps.0.options.volumes: Invalid type. Expected: string, given: array
[31m
Pipeline failed on stage 'meta-pipeline' : container 'step-create-effective-pipeline'. The execution of the pipeline has stopped.[0m
