
Showing logs for build [32mmellard-org-goquick-pr-1-pr-bui-gclx9-8[0m stage [32mbuild[0m and container [32mcredential-initializer[0m
{"level":"info","ts":1602292384.9340415,"caller":"creds-init/main.go:44","msg":"Credentials initialized."}

Showing logs for build [32mmellard-org-goquick-pr-1-pr-bui-gclx9-8[0m stage [32mbuild[0m and container [32mworking-dir-initializer[0m

Showing logs for build [32mmellard-org-goquick-pr-1-pr-bui-gclx9-8[0m stage [32mbuild[0m and container [32mplace-tools[0m

Showing logs for build [32mmellard-org-goquick-pr-1-pr-bui-gclx9-8[0m stage [32mbuild[0m and container [32mstep-git-source-mellard-org-goquick-pr-1-pr-bui-gclx9-ppxzv[0m
{"level":"info","ts":1602292403.1301503,"caller":"git/git.go:105","msg":"Successfully cloned https://github.com/mellard-org/goquick.git @ master in path /workspace/source"}
{"level":"warn","ts":1602292403.1302478,"caller":"git/git.go:152","msg":"Unexpected error: creating symlink: symlink /tekton/home/.ssh /root/.ssh: file exists"}
{"level":"info","ts":1602292403.1710873,"caller":"git/git.go:133","msg":"Successfully initialized and updated submodules in path /workspace/source"}

Showing logs for build [32mmellard-org-goquick-pr-1-pr-bui-gclx9-8[0m stage [32mbuild[0m and container [32mstep-setup-builder-home[0m

Showing logs for build [32mmellard-org-goquick-pr-1-pr-bui-gclx9-8[0m stage [32mbuild[0m and container [32mstep-git-merge[0m
Using SHAs from PULL_REFS=master:05ced96a1ea4a807b6bf4339b070f1134bd1c281,1:ee5aa50e7235ca92c6847d296737c00d972595de
DEBUG: LC_ALL=C JX_LOG_LEVEL=error git fetch origin --unshallow ee5aa50e7235ca92c6847d296737c00d972595de: 05ced96a1ea4a807b6bf4339b070f1134bd1c281:
DEBUG: ran git fetch --unshallow origin ee5aa50e7235ca92c6847d296737c00d972595de: 05ced96a1ea4a807b6bf4339b070f1134bd1c281: in 
DEBUG: JX_LOG_LEVEL=error LC_ALL=C git branch
DEBUG: LC_ALL=C JX_LOG_LEVEL=error git checkout master
DEBUG: ran git checkout master in 
DEBUG: LC_ALL=C JX_LOG_LEVEL=error git reset --hard 05ced96a1ea4a807b6bf4339b070f1134bd1c281
DEBUG: ran git reset --hard 05ced96a1ea4a807b6bf4339b070f1134bd1c281 in 
DEBUG: LC_ALL=C JX_LOG_LEVEL=error git clean -fd .
DEBUG: ran clean --force -d . in 
DEBUG: LC_ALL=C JX_LOG_LEVEL=error git merge ee5aa50e7235ca92c6847d296737c00d972595de
DEBUG: ran git merge ee5aa50e7235ca92c6847d296737c00d972595de in 
DEBUG: LC_ALL=C JX_LOG_LEVEL=error git log --format=%H%x1f%an%x1f%ae%x1f%cn%x1f%ce%x1f%s%n%b%x1e 05ced96a1ea4a807b6bf4339b070f1134bd1c281..HEAD
Merged SHA ee5aa50e7235ca92c6847d296737c00d972595de with commit message 'test' into base branch master
Merged SHA 28c5c4fd5fcd70cc819ee68a612f335356ab4cb1 with commit message 'test' into base branch master
Merged SHA 15161e6235a8611d8492dd08cedcfe22e3e4fb35 with commit message 'test' into base branch master
Merged SHA 3c84465a31b00d3960cc2526cd0cf49c44e9d3ee with commit message 'test' into base branch master
Merged SHA cc806829a614e70d1599efcbd1918da66ba4ed12 with commit message 'test' into base branch master
Merged SHA 62de4cf1717587ff6661349c25a2dd5106c5fa33 with commit message 'test' into base branch master
Merged SHA f9acb72a3b27297551a8db336b7343bc422029d6 with commit message 'test' into base branch master

Showing logs for build [32mmellard-org-goquick-pr-1-pr-bui-gclx9-8[0m stage [32mbuild[0m and container [32mstep-build-and-push-image[0m
[36mINFO[0m[0000] No base image, nothing to extract            
[36mINFO[0m[0000] Skipping unpacking as no commands require it. 
[36mINFO[0m[0000] Taking snapshot of full filesystem...        
[36mINFO[0m[0000] EXPOSE 8080                                  
[36mINFO[0m[0000] cmd: EXPOSE                                  
[36mINFO[0m[0000] Adding exposed port: 8080/tcp                
[36mINFO[0m[0000] ENTRYPOINT ["/goquick"]                      
error pushing image: failed to push to destination tf**legibledog.azurecr.io/potato:latest: UNAUTHORIZED: authentication required, visit https://aka.ms/acr/authorization for more information.
[31m
Pipeline failed on stage 'build' : container 'step-build-and-push-image'. The execution of the pipeline has stopped.[0m
